<?xml version="1.0" encoding="UTF-8"?>
<testsuite name="rspec" tests="32" skipped="0" failures="0" errors="0" time="8.277528" timestamp="2020-01-10T17:11:34-03:00" hostname="N185">
<properties>
<property name="seed" value="8086"/>
</properties>
<testcase classname="spec.delete_spec" name="delete when a registered user is expected to eql &quot;204&quot;" file="./spec/delete_spec.rb" time="3.917216"></testcase>
<testcase classname="spec.delete_spec" name="delete when user do not exist is expected to eql &quot;404&quot;" file="./spec/delete_spec.rb" time="0.236726"></testcase>
<testcase classname="spec.delete_spec" name="delete when wrong id is expected to eql &quot;412&quot;" file="./spec/delete_spec.rb" time="0.237235"></testcase>
<testcase classname="spec.get_spec" name="get when a registered user is expected to eql &quot;200&quot;" file="./spec/get_spec.rb" time="0.245000"></testcase>
<testcase classname="spec.get_spec" name="get when a registered user is expected to eql &quot;Ross Geller&quot;" file="./spec/get_spec.rb" time="0.249410"></testcase>
<testcase classname="spec.get_spec" name="get when a registered user is expected to eql &quot;$2b$10$8PGGQzBHLQUU9ti0uz4XA.3f0caZI./REgzfj3wOf2X5OQ9k4meEe&quot;" file="./spec/get_spec.rb" time="0.265213"></testcase>
<testcase classname="spec.get_spec" name="get when a registered user is expected to eql &quot;joshua.burgin@hotmail.com&quot;" file="./spec/get_spec.rb" time="0.247204"></testcase>
<testcase classname="spec.get_spec" name="get when a registered user is expected to eql 39, 11, 20, 10, 1, 2020, 5, 10, false, and nil" file="./spec/get_spec.rb" time="0.238394"></testcase>
<testcase classname="spec.get_spec" name="get when a registered user is expected to eql 40, 11, 20, 10, 1, 2020, 5, 10, false, and nil" file="./spec/get_spec.rb" time="0.227551"></testcase>
<testcase classname="spec.get_spec" name="get when user do not exist is expected to eql &quot;404&quot;" file="./spec/get_spec.rb" time="0.226472"></testcase>
<testcase classname="spec.get_spec" name="get when wrong id is expected to eql &quot;412&quot;" file="./spec/get_spec.rb" time="0.253186"></testcase>
<testcase classname="spec.get_spec" name="get when other id is expected to eql &quot;401&quot;" file="./spec/get_spec.rb" time="0.345834"></testcase>
<testcase classname="spec.post_spec" name="post when new user is expected to eql &quot;200&quot;" file="./spec/post_spec.rb" time="0.124152"></testcase>
<testcase classname="spec.post_spec" name="post when duplicate email is expected to eql &quot;409&quot;" file="./spec/post_spec.rb" time="0.212071"></testcase>
<testcase classname="spec.post_spec" name="post when duplicate email is expected to eql &quot;Oops. Looks like you already have an account with this email address.&quot;" file="./spec/post_spec.rb" time="0.212998"></testcase>
<testcase classname="spec.post_spec" name="post when wrong email is expected to eql &quot;412&quot;" file="./spec/post_spec.rb" time="0.013316"></testcase>
<testcase classname="spec.post_spec" name="post when wrong email is expected to eql &quot;Oops. You entered a wrong email.&quot;" file="./spec/post_spec.rb" time="0.025098"></testcase>
<testcase classname="spec.post_spec" name="post when empty name is expected to eql &quot;412&quot;" file="./spec/post_spec.rb" time="0.041288"></testcase>
<testcase classname="spec.post_spec" name="post when empty name is expected to eql &quot;Validation notEmpty on full_name failed&quot;" file="./spec/post_spec.rb" time="0.035376"></testcase>
<testcase classname="spec.post_spec" name="post when empty email is expected to eql &quot;412&quot;" file="./spec/post_spec.rb" time="0.048820"></testcase>
<testcase classname="spec.post_spec" name="post when empty email is expected to eql &quot;Validation notEmpty on email failed&quot;" file="./spec/post_spec.rb" time="0.048744"></testcase>
<testcase classname="spec.post_spec" name="post when empty password is expected to eql &quot;412&quot;" file="./spec/post_spec.rb" time="0.016158"></testcase>
<testcase classname="spec.post_spec" name="post when empty password is expected to eql &quot;Validation notEmpty on password failed&quot;" file="./spec/post_spec.rb" time="0.037236"></testcase>
<testcase classname="spec.post_spec" name="post when null name is expected to eql &quot;412&quot;" file="./spec/post_spec.rb" time="0.024374"></testcase>
<testcase classname="spec.post_spec" name="post when null name is expected to eql &quot;Users.full_name cannot be null&quot;" file="./spec/post_spec.rb" time="0.041833"></testcase>
<testcase classname="spec.post_spec" name="post when null email is expected to eql &quot;412&quot;" file="./spec/post_spec.rb" time="0.027178"></testcase>
<testcase classname="spec.post_spec" name="post when null email is expected to eql &quot;Users.email cannot be null&quot;" file="./spec/post_spec.rb" time="0.017684"></testcase>
<testcase classname="spec.post_spec" name="post when null password is expected to eql &quot;412&quot;" file="./spec/post_spec.rb" time="0.045524"></testcase>
<testcase classname="spec.post_spec" name="post when null password is expected to eql &quot;Users.password cannot be null&quot;" file="./spec/post_spec.rb" time="0.031853"></testcase>
<testcase classname="spec.put_spec" name="put when a registered user is expected to eql &quot;200&quot;" file="./spec/put_spec.rb" time="0.001863"></testcase>
<testcase classname="spec.put_spec" name="put when a registered user is expected to eql &quot;Carol Calixto&quot;" file="./spec/put_spec.rb" time="0.001739"></testcase>
<testcase classname="spec.put_spec" name="put when a registered user is expected to eql &quot;ccalixto@gmail.com&quot;" file="./spec/put_spec.rb" time="0.000204"></testcase>
</testsuite>
